<?xml version="1.0" encoding="UTF-8"?>
<robot generator="Robot 4.0.3 (Python 3.9.2 on win32)" generated="20210727 15:57:44.202" rpa="false" schemaversion="2">
<suite id="s1" name="Amazon" source="C:\Users\Arnab Das\Documents\Education\learn_test_automation_with_robot_framework\Robot-Framework\Amazon\Tests\Amazon.robot">
<test id="s1-t1" name="User must sign in to check out">
<kw name="Open Browser" library="SeleniumLibrary">
<arg>http://www.amazon.com</arg>
<arg>ie</arg>
<doc>Opens a new browser instance to the optional ``url``.</doc>
<msg timestamp="20210727 15:57:44.373" level="INFO">Opening browser 'ie' to base url 'http://www.amazon.com'.</msg>
<status status="PASS" starttime="20210727 15:57:44.373" endtime="20210727 15:57:47.029"/>
</kw>
<kw name="Close Browser" library="SeleniumLibrary">
<doc>Closes the current browser.</doc>
<status status="PASS" starttime="20210727 15:57:47.030" endtime="20210727 15:57:50.183"/>
</kw>
<doc>This is some basic info about the test</doc>
<tag>Smoke</tag>
<status status="PASS" starttime="20210727 15:57:44.372" endtime="20210727 15:57:50.184"/>
</test>
<doc>this is some basic info about the settings for this test file</doc>
<status status="PASS" starttime="20210727 15:57:44.203" endtime="20210727 15:57:50.186"/>
</suite>
<statistics>
<total>
<stat pass="1" fail="0" skip="0">All Tests</stat>
</total>
<tag>
<stat pass="1" fail="0" skip="0">Smoke</stat>
</tag>
<suite>
<stat pass="1" fail="0" skip="0" id="s1" name="Amazon">Amazon</stat>
</suite>
</statistics>
<errors>
</errors>
</robot>
